<?xml version="1.0" encoding="UTF-8"?>
<testsuite xmlns:xsi="http://www.w3.org/2001/XMLSchema-instance" xsi:noNamespaceSchemaLocation="https://maven.apache.org/surefire/maven-surefire-plugin/xsd/surefire-test-report.xsd" version="3.0.2" name="com.scheduling.model.TaskTest" time="0.064" tests="5" errors="0" skipped="0" failures="0">
  <properties>
[...]
</properties>
  <testcase name="compareTo_TieBreaker_EarlierDeadlineFirst" classname="com.scheduling.model.TaskTest" time="0.031"/>
  <testcase name="getPriority_ReturnsNonNegativeValue" classname="com.scheduling.model.TaskTest" time="0.002"/>
  <testcase name="compareTo_ThrowsNullPointerException_WhenOtherIsNull" classname="com.scheduling.model.TaskTest" time="0.002"/>
  <testcase name="toString_ReturnsReadableString" classname="com.scheduling.model.TaskTest" time="0.002"/>
  <testcase name="compareTo_HigherPriorityComesFirst" classname="com.scheduling.model.TaskTest" time="0.002"/>
</testsuite>